TN:
SF:src/modules/@shared/domain/entity/base.entity.ts
FN:14,get id
FN:18,get createdAt
FN:22,get updatedAt
FN:8,BaseEntity
FNF:4
FNH:4
FNDA:3,get id
FNDA:3,get createdAt
FNDA:3,get updatedAt
FNDA:2,BaseEntity
DA:1,1
DA:2,1
DA:3,1
DA:4,1
DA:5,1
DA:6,1
DA:7,1
DA:8,1
DA:9,2
DA:10,2
DA:11,2
DA:12,2
DA:13,1
DA:14,1
DA:15,3
DA:16,3
DA:17,1
DA:18,1
DA:19,3
DA:20,3
DA:21,1
DA:22,1
DA:23,3
DA:24,3
DA:25,1
LF:25
LH:25
BRDA:14,0,0,3
BRDA:18,1,0,3
BRDA:22,2,0,3
BRDA:8,3,0,2
BRDA:9,4,0,0
BRF:5
BRH:4
end_of_record
TN:
SF:src/modules/@shared/domain/value-object/id.value-object.ts
FN:11,get id
FN:7,Id
FNF:2
FNH:2
FNDA:3,get id
FNDA:2,Id
DA:1,1
DA:2,1
DA:3,1
DA:4,1
DA:5,1
DA:6,1
DA:7,1
DA:8,2
DA:9,2
DA:10,1
DA:11,1
DA:12,3
DA:13,3
DA:14,1
LF:14
LH:14
BRDA:11,0,0,3
BRDA:7,1,0,2
BRDA:8,2,0,0
BRF:3
BRH:2
end_of_record
TN:
SF:src/modules/client-adm/domain/client.entity.ts
FN:24,get name
FN:28,get email
FN:32,get address
FN:17,Client
FNF:4
FNH:4
FNDA:3,get name
FNDA:3,get email
FNDA:3,get address
FNDA:2,Client
DA:1,1
DA:2,1
DA:3,1
DA:4,1
DA:5,1
DA:6,1
DA:7,1
DA:8,1
DA:9,1
DA:10,1
DA:11,1
DA:12,1
DA:13,1
DA:14,1
DA:15,1
DA:16,1
DA:17,1
DA:18,2
DA:19,2
DA:20,2
DA:21,2
DA:22,2
DA:23,1
DA:24,1
DA:25,3
DA:26,3
DA:27,1
DA:28,1
DA:29,3
DA:30,3
DA:31,1
DA:32,1
DA:33,3
DA:34,3
DA:35,1
LF:35
LH:35
BRDA:24,0,0,3
BRDA:28,1,0,3
BRDA:32,2,0,3
BRDA:17,3,0,2
BRF:4
BRH:4
end_of_record
TN:
SF:src/modules/client-adm/facade/client-adm.facade.factory.ts
FN:7,ClientAdmFacadeFactory
FN:8,create
FNF:2
FNH:1
FNDA:0,ClientAdmFacadeFactory
FNDA:2,create
DA:1,1
DA:2,1
DA:3,1
DA:4,1
DA:5,1
DA:6,1
DA:7,1
DA:8,1
DA:9,2
DA:10,2
DA:11,2
DA:12,2
DA:13,2
DA:14,2
DA:15,2
DA:16,2
DA:17,2
DA:18,1
LF:18
LH:18
BRDA:8,0,0,2
BRF:1
BRH:1
end_of_record
TN:
SF:src/modules/client-adm/facade/client-adm.facade.ts
FN:21,add
FN:25,find
FN:16,ClientAdmFacade
FNF:3
FNH:3
FNDA:2,add
FNDA:2,find
FNDA:2,ClientAdmFacade
DA:1,1
DA:2,1
DA:3,1
DA:4,1
DA:5,1
DA:6,1
DA:7,1
DA:8,1
DA:9,1
DA:10,1
DA:11,1
DA:12,1
DA:13,1
DA:14,1
DA:15,1
DA:16,1
DA:17,2
DA:18,2
DA:19,2
DA:20,1
DA:21,1
DA:22,2
DA:23,2
DA:24,1
DA:25,1
DA:26,2
DA:27,1
DA:28,1
DA:29,1
DA:30,1
DA:31,1
DA:32,1
DA:33,1
DA:34,1
DA:35,1
DA:36,2
DA:37,1
LF:37
LH:37
BRDA:21,0,0,2
BRDA:25,1,0,2
BRDA:27,2,0,1
BRDA:16,3,0,2
BRF:4
BRH:4
end_of_record
TN:
SF:src/modules/client-adm/repository/client.model.ts
FN:7,ClientModel
FNF:1
FNH:1
FNDA:4,ClientModel
DA:1,1
DA:2,1
DA:3,1
DA:4,1
DA:5,1
DA:6,1
DA:7,1
DA:8,1
DA:9,1
DA:10,1
DA:11,1
DA:12,1
DA:13,1
DA:14,1
DA:15,1
DA:16,1
DA:17,1
DA:18,1
DA:19,1
DA:20,1
DA:21,1
DA:22,1
DA:23,1
DA:24,1
DA:25,1
DA:26,1
LF:26
LH:26
BRDA:22,0,0,0
BRDA:25,1,0,0
BRDA:7,2,0,4
BRF:3
BRH:1
end_of_record
TN:
SF:src/modules/client-adm/repository/client.repository.ts
FN:6,ClientRepository
FN:7,add
FN:18,find
FNF:3
FNH:3
FNDA:2,ClientRepository
FNDA:2,add
FNDA:2,find
DA:1,1
DA:2,1
DA:3,1
DA:4,1
DA:5,1
DA:6,1
DA:7,1
DA:8,2
DA:9,2
DA:10,2
DA:11,2
DA:12,2
DA:13,2
DA:14,2
DA:15,2
DA:16,1
DA:17,1
DA:18,1
DA:19,2
DA:20,1
DA:21,2
DA:22,0
DA:23,0
DA:24,1
DA:25,1
DA:26,1
DA:27,1
DA:28,1
DA:29,1
DA:30,1
DA:31,2
DA:32,1
DA:33,1
LF:33
LH:31
BRDA:6,0,0,2
BRDA:7,1,0,2
BRDA:16,2,0,1
BRDA:18,3,0,2
BRDA:20,4,0,1
BRDA:21,5,0,0
BRDA:24,6,0,1
BRF:7
BRH:6
end_of_record
TN:
SF:src/modules/client-adm/usecase/add-client/add-client.usecase.ts
FN:10,execute
FN:8,AddClientUseCase
FNF:2
FNH:2
FNDA:2,execute
FNDA:2,AddClientUseCase
DA:1,1
DA:2,1
DA:3,1
DA:4,1
DA:5,1
DA:6,1
DA:7,1
DA:8,1
DA:9,1
DA:10,1
DA:11,2
DA:12,2
DA:13,2
DA:14,2
DA:15,2
DA:16,2
DA:17,2
DA:18,2
DA:19,2
DA:20,1
DA:21,1
DA:22,1
DA:23,1
DA:24,1
DA:25,1
DA:26,1
DA:27,1
DA:28,1
DA:29,2
DA:30,1
LF:30
LH:30
BRDA:10,0,0,2
BRDA:20,1,0,1
BRDA:8,2,0,2
BRF:3
BRH:3
end_of_record
TN:
SF:src/modules/client-adm/usecase/find-client/find-client.usecase.ts
FN:8,execute
FN:6,FindClientUseCase
FNF:2
FNH:2
FNDA:2,execute
FNDA:2,FindClientUseCase
DA:1,1
DA:2,1
DA:3,1
DA:4,1
DA:5,1
DA:6,1
DA:7,1
DA:8,1
DA:9,2
DA:10,2
DA:11,2
DA:12,2
DA:13,2
DA:14,2
DA:15,2
DA:16,2
DA:17,2
DA:18,2
DA:19,1
LF:19
LH:19
BRDA:8,0,0,2
BRDA:6,1,0,2
BRF:2
BRH:2
end_of_record
