TN:
SF:src/modules/@shared/domain/entity/base.entity.ts
FN:14,get id
FN:18,get createdAt
FN:22,get updatedAt
FN:8,BaseEntity
FNF:4
FNH:4
FNDA:4,get id
FNDA:4,get createdAt
FNDA:4,get updatedAt
FNDA:4,BaseEntity
DA:1,1
DA:2,1
DA:3,1
DA:4,1
DA:5,1
DA:6,1
DA:7,1
DA:8,1
DA:9,4
DA:10,4
DA:11,4
DA:12,4
DA:13,1
DA:14,1
DA:15,4
DA:16,4
DA:17,1
DA:18,1
DA:19,4
DA:20,4
DA:21,1
DA:22,1
DA:23,4
DA:24,4
DA:25,1
LF:25
LH:25
BRDA:14,0,0,4
BRDA:18,1,0,4
BRDA:22,2,0,4
BRDA:8,3,0,4
BRDA:9,4,0,2
BRF:5
BRH:5
end_of_record
TN:
SF:src/modules/@shared/domain/value-object/id.value-object.ts
FN:11,get id
FN:7,Id
FNF:2
FNH:2
FNDA:4,get id
FNDA:4,Id
DA:1,1
DA:2,1
DA:3,1
DA:4,1
DA:5,1
DA:6,1
DA:7,1
DA:8,4
DA:9,4
DA:10,1
DA:11,1
DA:12,4
DA:13,4
DA:14,1
LF:14
LH:14
BRDA:11,0,0,4
BRDA:7,1,0,4
BRDA:8,2,0,2
BRF:3
BRH:3
end_of_record
TN:
SF:src/modules/payment/domain/transaction.ts
FN:16,TransactionId
FN:34,validate
FN:40,approve
FN:44,decline
FN:48,process
FN:56,get amount
FN:60,get orderId
FN:64,get status
FN:26,Transaction
FNF:9
FNH:9
FNDA:2,TransactionId
FNDA:4,validate
FNDA:1,approve
FNDA:1,decline
FNDA:2,process
FNDA:4,get amount
FNDA:4,get orderId
FNDA:4,get status
FNDA:4,Transaction
DA:1,1
DA:2,1
DA:3,1
DA:4,1
DA:5,1
DA:6,1
DA:7,1
DA:8,1
DA:9,1
DA:10,1
DA:11,1
DA:12,1
DA:13,1
DA:14,1
DA:15,1
DA:16,1
DA:17,2
DA:18,2
DA:19,1
DA:20,1
DA:21,1
DA:22,1
DA:23,1
DA:24,1
DA:25,1
DA:26,1
DA:27,4
DA:28,4
DA:29,4
DA:30,4
DA:31,4
DA:32,4
DA:33,1
DA:34,1
DA:35,4
DA:36,0
DA:37,0
DA:38,4
DA:39,1
DA:40,1
DA:41,1
DA:42,1
DA:43,1
DA:44,1
DA:45,1
DA:46,1
DA:47,1
DA:48,1
DA:49,2
DA:50,1
DA:51,1
DA:52,1
DA:53,1
DA:54,2
DA:55,1
DA:56,1
DA:57,4
DA:58,4
DA:59,1
DA:60,1
DA:61,4
DA:62,4
DA:63,1
DA:64,1
DA:65,4
DA:66,4
DA:67,1
DA:68,1
LF:68
LH:66
BRDA:16,0,0,2
BRDA:34,1,0,4
BRDA:35,2,0,0
BRDA:40,3,0,1
BRDA:44,4,0,1
BRDA:48,5,0,2
BRDA:49,6,0,1
BRDA:56,7,0,4
BRDA:60,8,0,4
BRDA:64,9,0,4
BRDA:26,10,0,4
BRDA:30,11,0,2
BRF:12
BRH:11
end_of_record
TN:
SF:src/modules/payment/facade/payment.facade.ts
FN:9,process
FN:7,PaymentFacade
FNF:2
FNH:2
FNDA:4,process
FNDA:2,PaymentFacade
DA:1,1
DA:2,1
DA:3,1
DA:4,1
DA:5,1
DA:6,1
DA:7,1
DA:8,1
DA:9,1
DA:10,4
DA:11,4
DA:12,1
LF:12
LH:12
BRDA:9,0,0,4
BRDA:7,1,0,2
BRF:2
BRH:2
end_of_record
TN:
SF:src/modules/payment/repository/transaction.model.ts
FN:7,TransactionModel
FNF:1
FNH:1
FNDA:2,TransactionModel
DA:1,1
DA:2,1
DA:3,1
DA:4,1
DA:5,1
DA:6,1
DA:7,1
DA:8,1
DA:9,1
DA:10,1
DA:11,1
DA:12,1
DA:13,1
DA:14,1
DA:15,1
DA:16,1
DA:17,1
DA:18,1
DA:19,1
DA:20,1
DA:21,1
DA:22,1
DA:23,1
DA:24,1
DA:25,1
DA:26,1
LF:26
LH:26
BRDA:22,0,0,0
BRDA:25,1,0,0
BRDA:7,2,0,2
BRF:3
BRH:1
end_of_record
TN:
SF:src/modules/payment/repository/transaction.repository.ts
FN:5,TransactionRepository
FN:6,save
FNF:2
FNH:2
FNDA:2,TransactionRepository
FNDA:4,save
DA:1,1
DA:2,1
DA:3,1
DA:4,1
DA:5,1
DA:6,1
DA:7,4
DA:8,4
DA:9,4
DA:10,4
DA:11,4
DA:12,4
DA:13,4
DA:14,4
DA:15,2
DA:16,2
DA:17,2
DA:18,2
DA:19,2
DA:20,2
DA:21,2
DA:22,2
DA:23,2
DA:24,4
DA:25,1
LF:25
LH:25
BRDA:5,0,0,2
BRDA:6,1,0,4
BRDA:15,2,0,2
BRF:3
BRH:3
end_of_record
TN:
SF:src/modules/payment/usecase/process-payment/process-payment.usecase.ts
FN:9,execute
FN:7,ProcessPaymentUseCase
FNF:2
FNH:2
FNDA:4,execute
FNDA:2,ProcessPaymentUseCase
DA:1,1
DA:2,1
DA:3,1
DA:4,1
DA:5,1
DA:6,1
DA:7,1
DA:8,1
DA:9,1
DA:10,4
DA:11,4
DA:12,4
DA:13,4
DA:14,4
DA:15,4
DA:16,4
DA:17,4
DA:18,4
DA:19,2
DA:20,2
DA:21,2
DA:22,2
DA:23,2
DA:24,2
DA:25,2
DA:26,2
DA:27,2
DA:28,4
DA:29,1
LF:29
LH:29
BRDA:9,0,0,4
BRDA:19,1,0,2
BRDA:7,2,0,2
BRF:3
BRH:3
end_of_record
